<?xml version="1.0" encoding="UTF-8"?>
<!-- Generated by org.testng.reporters.JUnitReportReporter -->
<testsuite skipped="0" hostname="LAPTOP-EV231O2N" name="officeworks.AT001_navigateToOfficeworks" tests="17" failures="0" timestamp="30 Jun 2018 08:43:18 GMT" time="21.727" errors="0">
  <testcase name="openBrowser" time="16.094" classname="officeworks.AT001_navigateToOfficeworks"/>
  <testcase name="log_IN" time="0.204" classname="officeworks.AT001_navigateToOfficeworks"/>
  <testcase name="register" time="3.205" classname="officeworks.AT001_navigateToOfficeworks"/>
  <testcase name="email_Address" time="0.330" classname="officeworks.AT001_navigateToOfficeworks"/>
  <testcase name="password" time="0.223" classname="officeworks.AT001_navigateToOfficeworks"/>
  <testcase name="confirm_Password" time="0.148" classname="officeworks.AT001_navigateToOfficeworks"/>
  <testcase name="title" time="0.091" classname="officeworks.AT001_navigateToOfficeworks"/>
  <testcase name="firstName" time="0.117" classname="officeworks.AT001_navigateToOfficeworks"/>
  <testcase name="lastName" time="0.112" classname="officeworks.AT001_navigateToOfficeworks"/>
  <testcase name="mainPhoneNumber" time="0.155" classname="officeworks.AT001_navigateToOfficeworks"/>
  <testcase name="mobileNumber" time="0.125" classname="officeworks.AT001_navigateToOfficeworks"/>
  <testcase name="building_level_suite" time="0.101" classname="officeworks.AT001_navigateToOfficeworks"/>
  <testcase name="streetAddress" time="0.142" classname="officeworks.AT001_navigateToOfficeworks"/>
  <testcase name="postCode" time="0.119" classname="officeworks.AT001_navigateToOfficeworks"/>
  <testcase name="suburb" time="0.126" classname="officeworks.AT001_navigateToOfficeworks"/>
  <testcase name="state" time="0.089" classname="officeworks.AT001_navigateToOfficeworks"/>
  <testcase name="submitButton" time="0.346" classname="officeworks.AT001_navigateToOfficeworks"/>
</testsuite> <!-- officeworks.AT001_navigateToOfficeworks -->
