<?xml version="1.0" encoding="UTF-8"?>
<!-- Generated by org.testng.reporters.JUnitReportReporter -->
<testsuite skipped="0" hostname="LAPTOP-EV231O2N" name="learningExtend.TC005" tests="5" failures="0" timestamp="06 Jul 2018 23:43:18 GMT" time="11.442" errors="0">
  <testcase name="openBrowser" time="7.794" classname="learningExtend.TC005"/>
  <testcase name="TC002" time="1.666" classname="learningExtend.TC005"/>
  <testcase name="TC003" time="0.276" classname="learningExtend.TC005"/>
  <testcase name="password" time="0.084" classname="learningExtend.TC005"/>
  <testcase name="logIn" time="1.622" classname="learningExtend.TC005"/>
</testsuite> <!-- learningExtend.TC005 -->
