<?xml version="1.0" encoding="UTF-8"?>
<!-- Generated by org.testng.reporters.JUnitReportReporter -->
<testsuite skipped="0" hostname="LAPTOP-EV231O2N" name="createGmailAccount.createGmailAccount" tests="2" failures="0" timestamp="16 Jul 2018 12:12:39 GMT" time="7.501" errors="0">
  <testcase name="openBrowser" time="7.368" classname="createGmailAccount.createGmailAccount"/>
  <testcase name="createAnAccount" time="0.133" classname="createGmailAccount.createGmailAccount"/>
</testsuite> <!-- createGmailAccount.createGmailAccount -->
