<?xml version="1.0" encoding="UTF-8"?>
<!-- Generated by org.testng.reporters.JUnitReportReporter -->
<testsuite skipped="0" hostname="LAPTOP-EV231O2N" name="switchTabs.switchTabs" tests="1" failures="0" timestamp="02 Jul 2018 08:13:31 GMT" time="13.655" errors="0">
  <testcase name="GoToLoginPage" time="13.655" classname="switchTabs.switchTabs"/>
</testsuite> <!-- switchTabs.switchTabs -->
