<?xml version="1.0" encoding="UTF-8"?>
<!-- Generated by org.testng.reporters.JUnitReportReporter -->
<testsuite skipped="0" hostname="LAPTOP-EV231O2N" name="learningExtend.TC003" tests="3" failures="0" timestamp="07 Jul 2018 00:11:49 GMT" time="9.804" errors="0">
  <testcase name="openBrowser" time="8.324" classname="learningExtend.TC003"/>
  <testcase name="TC002" time="1.231" classname="learningExtend.TC003"/>
  <testcase name="TC003" time="0.249" classname="learningExtend.TC003"/>
</testsuite> <!-- learningExtend.TC003 -->
