<?xml version="1.0" encoding="UTF-8"?>
<!-- Generated by org.testng.reporters.JUnitReportReporter -->
<testsuite skipped="0" hostname="LAPTOP-EV231O2N" name="NavigateToHarveynorman.AT001_NavigateToHNTestcase" tests="1" failures="0" timestamp="06 Jul 2018 23:16:24 GMT" time="15.226" errors="0">
  <testcase name="openBrowser" time="15.226" classname="NavigateToHarveynorman.AT001_NavigateToHNTestcase"/>
</testsuite> <!-- NavigateToHarveynorman.AT001_NavigateToHNTestcase -->
