<?xml version="1.0" encoding="UTF-8"?>
<!-- Generated by org.testng.reporters.JUnitReportReporter -->
<testsuite skipped="0" hostname="LAPTOP-EV231O2N" name="NavigateToHarveynorman.AT003_loginToMyAccount" tests="18" failures="0" timestamp="07 Jul 2018 01:38:28 GMT" time="19.281" errors="0">
  <testcase name="openBrowser" time="8.265" classname="NavigateToHarveynorman.AT003_loginToMyAccount"/>
  <testcase name="Accountclick" time="1.323" classname="NavigateToHarveynorman.AT003_loginToMyAccount"/>
  <testcase name="emailAddress" time="0.274" classname="NavigateToHarveynorman.AT003_loginToMyAccount"/>
  <testcase name="password" time="0.088" classname="NavigateToHarveynorman.AT003_loginToMyAccount"/>
  <testcase name="logIn" time="1.708" classname="NavigateToHarveynorman.AT003_loginToMyAccount"/>
  <testcase name="myAccountScreen" time="1.180" classname="NavigateToHarveynorman.AT003_loginToMyAccount"/>
  <testcase name="myAddressBook" time="1.441" classname="NavigateToHarveynorman.AT003_loginToMyAccount"/>
  <testcase name="firstName" time="0.190" classname="NavigateToHarveynorman.AT003_loginToMyAccount"/>
  <testcase name="lastName" time="0.090" classname="NavigateToHarveynorman.AT003_loginToMyAccount"/>
  <testcase name="companyName" time="0.110" classname="NavigateToHarveynorman.AT003_loginToMyAccount"/>
  <testcase name="primaryTelephone" time="0.079" classname="NavigateToHarveynorman.AT003_loginToMyAccount"/>
  <testcase name="faxNumber" time="0.100" classname="NavigateToHarveynorman.AT003_loginToMyAccount"/>
  <testcase name="streetNumberandName" time="0.117" classname="NavigateToHarveynorman.AT003_loginToMyAccount"/>
  <testcase name="suburbAndPostcode" time="0.146" classname="NavigateToHarveynorman.AT003_loginToMyAccount"/>
  <testcase name="save" time="0.162" classname="NavigateToHarveynorman.AT003_loginToMyAccount"/>
  <testcase name="myOrders" time="1.319" classname="NavigateToHarveynorman.AT003_loginToMyAccount"/>
  <testcase name="myWishlist" time="1.409" classname="NavigateToHarveynorman.AT003_loginToMyAccount"/>
  <testcase name="logOut" time="1.280" classname="NavigateToHarveynorman.AT003_loginToMyAccount"/>
</testsuite> <!-- NavigateToHarveynorman.AT003_loginToMyAccount -->
