<?xml version="1.0" encoding="UTF-8"?>
<!-- Generated by org.testng.reporters.JUnitReportReporter -->
<testsuite skipped="0" hostname="LAPTOP-EV231O2N" name="uBank.com.AT001_navigateToUBank" tests="1" failures="0" timestamp="30 Jun 2018 10:04:56 GMT" time="14.803" errors="0">
  <testcase name="openBrowser" time="14.803" classname="uBank.com.AT001_navigateToUBank"/>
</testsuite> <!-- uBank.com.AT001_navigateToUBank -->
