<?xml version="1.0" encoding="UTF-8"?>
<!-- Generated by org.testng.reporters.JUnitReportReporter -->
<testsuite skipped="0" hostname="LAPTOP-EV231O2N" name="NavigateToHarveynorman.NavigateToLoginToMyAccount" tests="10" failures="0" timestamp="25 Jun 2018 07:34:48 GMT" time="12.227" errors="0">
  <testcase name="openBrowser" time="7.371" classname="NavigateToHarveynorman.NavigateToLoginToMyAccount"/>
  <testcase name="Accountclick" time="1.133" classname="NavigateToHarveynorman.NavigateToLoginToMyAccount"/>
  <testcase name="CreateAnAccount" time="1.202" classname="NavigateToHarveynorman.NavigateToLoginToMyAccount"/>
  <testcase name="firstName" time="0.185" classname="NavigateToHarveynorman.NavigateToLoginToMyAccount"/>
  <testcase name="lastName" time="0.099" classname="NavigateToHarveynorman.NavigateToLoginToMyAccount"/>
  <testcase name="emailAddress" time="0.152" classname="NavigateToHarveynorman.NavigateToLoginToMyAccount"/>
  <testcase name="password" time="0.081" classname="NavigateToHarveynorman.NavigateToLoginToMyAccount"/>
  <testcase name="reenterPassword" time="0.081" classname="NavigateToHarveynorman.NavigateToLoginToMyAccount"/>
  <testcase name="checkBox" time="0.091" classname="NavigateToHarveynorman.NavigateToLoginToMyAccount"/>
  <testcase name="submitButton" time="1.832" classname="NavigateToHarveynorman.NavigateToLoginToMyAccount"/>
</testsuite> <!-- NavigateToHarveynorman.NavigateToLoginToMyAccount -->
