<?xml version="1.0" encoding="UTF-8"?>
<!-- Generated by org.testng.reporters.JUnitReportReporter -->
<testsuite skipped="0" hostname="LAPTOP-EV231O2N" name="learningExtend.TC001" tests="1" failures="0" timestamp="06 Jul 2018 23:24:19 GMT" time="8.049" errors="0">
  <testcase name="openBrowser" time="8.049" classname="learningExtend.TC001"/>
</testsuite> <!-- learningExtend.TC001 -->
