<?xml version="1.0" encoding="UTF-8"?>
<!-- Generated by org.testng.reporters.JUnitReportReporter -->
<testsuite skipped="0" hostname="LAPTOP-EV231O2N" name="learningExtend.TC004" tests="4" failures="0" timestamp="06 Jul 2018 23:38:29 GMT" time="9.210" errors="0">
  <testcase name="openBrowser" time="7.327" classname="learningExtend.TC004"/>
  <testcase name="TC002" time="1.519" classname="learningExtend.TC004"/>
  <testcase name="TC003" time="0.275" classname="learningExtend.TC004"/>
  <testcase name="password" time="0.089" classname="learningExtend.TC004"/>
</testsuite> <!-- learningExtend.TC004 -->
