<?xml version="1.0" encoding="UTF-8"?>
<!-- Generated by org.testng.reporters.JUnitReportReporter -->
<testsuite skipped="0" hostname="LAPTOP-EV231O2N" name="uBank.com.facebook" tests="4" failures="0" timestamp="26 Jun 2018 11:08:22 GMT" time="9.912" errors="0">
  <testcase name="openBrowser" time="5.501" classname="uBank.com.facebook"/>
  <testcase name="email" time="1.883" classname="uBank.com.facebook"/>
  <testcase name="password" time="0.092" classname="uBank.com.facebook"/>
  <testcase name="logIn" time="2.436" classname="uBank.com.facebook"/>
</testsuite> <!-- uBank.com.facebook -->
